
--- Compliance check for example.com started at Tue Jul 29 14:56:44 2025 ---
Domain: example.com, Ethical mode: True
Rate Limit Applied: 2 reqs/sec
Robots.txt validation: (Not yet implemented - placeholder)
Rate limiting check: (Not yet implemented - placeholder)

--- Compliance check for example.com started at Tue Jul 29 14:59:28 2025 ---
Domain: example.com, Ethical mode: True
Rate Limit Applied: 2 reqs/sec
Robots.txt validation: (Not yet implemented - placeholder)
Rate limiting check: (Not yet implemented - placeholder)

--- Compliance check for example.com started at Tue Jul 29 15:04:46 2025 ---
Domain: example.com, Ethical mode: True
Rate Limit Applied: 2 reqs/sec
Robots.txt validation: (Not yet implemented - placeholder)
Rate limiting check: (Not yet implemented - placeholder)

--- Compliance check for google.com started at Tue Jul 29 15:04:59 2025 ---
Domain: google.com, Ethical mode: True
Rate Limit Applied: 2 reqs/sec
Robots.txt validation: (Not yet implemented - placeholder)
Rate limiting check: (Not yet implemented - placeholder)

--- Compliance check for example.com started at Tue Jul 29 15:08:03 2025 ---
Domain: example.com, Ethical mode: True
Rate Limit Applied: 2 reqs/sec
Robots.txt validation: (Not yet implemented - placeholder)
Rate limiting check: (Not yet implemented - placeholder)

--- Compliance check for example.com started at Tue Jul 29 15:17:51 2025 ---
Domain: example.com, Ethical mode: True
Rate Limit Applied: 2 reqs/sec
Robots.txt validation: (Not yet implemented - placeholder)
Rate limiting check: (Not yet implemented - placeholder)

--- Compliance check for google.com started at Tue Jul 29 15:18:01 2025 ---
Domain: google.com, Ethical mode: True
Rate Limit Applied: 2 reqs/sec
Robots.txt validation: (Not yet implemented - placeholder)
Rate limiting check: (Not yet implemented - placeholder)

--- Compliance check for google.com started at Tue Jul 29 15:18:28 2025 ---
Domain: google.com, Ethical mode: True
Rate Limit Applied: 2 reqs/sec
Robots.txt validation: (Not yet implemented - placeholder)
Rate limiting check: (Not yet implemented - placeholder)

--- Compliance check for google.com started at Tue Jul 29 15:18:31 2025 ---
Domain: google.com, Ethical mode: True
Rate Limit Applied: 2 reqs/sec
Robots.txt validation: (Not yet implemented - placeholder)
Rate limiting check: (Not yet implemented - placeholder)

--- Compliance check for example.com started at Tue Jul 29 15:18:35 2025 ---
Domain: example.com, Ethical mode: True
Rate Limit Applied: 2 reqs/sec
Robots.txt validation: (Not yet implemented - placeholder)
Rate limiting check: (Not yet implemented - placeholder)

--- Compliance check for google.com started at Tue Jul 29 15:20:30 2025 ---
Domain: google.com, Ethical mode: True
Rate Limit Applied: 2 reqs/sec
Robots.txt validation: (Not yet implemented - placeholder)
Rate limiting check: (Not yet implemented - placeholder)

--- Compliance check for example.com started at Tue Jul 29 15:20:30 2025 ---
Domain: example.com, Ethical mode: True
Rate Limit Applied: 2 reqs/sec
Robots.txt validation: (Not yet implemented - placeholder)
Rate limiting check: (Not yet implemented - placeholder)

--- Compliance check for example.com started at Tue Jul 29 15:25:29 2025 ---
Domain: example.com, Ethical mode: True
Rate Limit Applied: 2 reqs/sec
Robots.txt validation: (Not yet implemented - placeholder)
Rate limiting check: (Not yet implemented - placeholder)

--- Compliance check for google.com started at Tue Jul 29 15:25:38 2025 ---
Domain: google.com, Ethical mode: True
Rate Limit Applied: 2 reqs/sec
Robots.txt validation: (Not yet implemented - placeholder)
Rate limiting check: (Not yet implemented - placeholder)

--- Compliance check for google.com started at Tue Jul 29 15:28:12 2025 ---
Domain: google.com, Ethical mode: True
Rate Limit Applied: 2 reqs/sec
Robots.txt validation: (Not yet implemented - placeholder)
Rate limiting check: (Not yet implemented - placeholder)

--- Compliance check for example.com started at Tue Jul 29 15:28:19 2025 ---
Domain: example.com, Ethical mode: True
Rate Limit Applied: 2 reqs/sec
Robots.txt validation: (Not yet implemented - placeholder)
Rate limiting check: (Not yet implemented - placeholder)

--- Compliance check for example.com started at Tue Jul 29 15:38:29 2025 ---
Domain: example.com, Ethical mode: True
Rate Limit Applied: 2 reqs/sec
Robots.txt validation: (Not yet implemented - placeholder)
Rate limiting check: (Not yet implemented - placeholder)

--- Compliance check for example.com started at Fri Aug  1 11:37:25 2025 ---
Domain: example.com, Ethical mode: True
Rate Limit Applied: 2 reqs/sec
Robots.txt validation: (Not yet implemented - placeholder)
Rate limiting check: (Not yet implemented - placeholder)

--- Compliance check for google.com started at Fri Aug  1 11:37:57 2025 ---
Domain: google.com, Ethical mode: True
Rate Limit Applied: 2 reqs/sec
Robots.txt validation: (Not yet implemented - placeholder)
Rate limiting check: (Not yet implemented - placeholder)

--- Compliance check for google.com started at Fri Aug  1 11:42:09 2025 ---
Domain: google.com, Ethical mode: True
Rate Limit Applied: 2 reqs/sec
Robots.txt validation: (Not yet implemented - placeholder)
Rate limiting check: (Not yet implemented - placeholder)
