
--- Scan for example.com started at Tue Jul 29 14:56:44 2025 ---
Time,CPU_Percent,RAM_Percent
--- Scan for example.com finished at Tue Jul 29 14:56:46 2025 ---

--- Scan for example.com started at Tue Jul 29 14:59:28 2025 ---
Time,CPU_Percent,RAM_Percent
--- Scan for example.com finished at Tue Jul 29 14:59:30 2025 ---

--- Scan for example.com started at Tue Jul 29 15:04:46 2025 ---
Time,CPU_Percent,RAM_Percent
--- Scan for example.com finished at Tue Jul 29 15:04:48 2025 ---

--- Scan for google.com started at Tue Jul 29 15:04:59 2025 ---
Time,CPU_Percent,RAM_Percent
--- Scan for google.com finished at Tue Jul 29 15:05:01 2025 ---

--- Scan for example.com started at Tue Jul 29 15:08:03 2025 ---
Time,CPU_Percent,RAM_Percent
--- Scan for example.com finished at Tue Jul 29 15:08:05 2025 ---

--- Scan for example.com started at Tue Jul 29 15:17:51 2025 ---
Time,CPU_Percent,RAM_Percent
--- Scan for example.com finished at Tue Jul 29 15:17:52 2025 ---

--- Scan for google.com started at Tue Jul 29 15:18:01 2025 ---
Time,CPU_Percent,RAM_Percent
--- Scan for google.com finished at Tue Jul 29 15:18:02 2025 ---

--- Scan for google.com started at Tue Jul 29 15:18:28 2025 ---
Time,CPU_Percent,RAM_Percent
--- Scan for google.com finished at Tue Jul 29 15:18:29 2025 ---

--- Scan for google.com started at Tue Jul 29 15:18:31 2025 ---
Time,CPU_Percent,RAM_Percent
--- Scan for google.com finished at Tue Jul 29 15:18:32 2025 ---

--- Scan for example.com started at Tue Jul 29 15:18:35 2025 ---
Time,CPU_Percent,RAM_Percent
--- Scan for example.com finished at Tue Jul 29 15:18:36 2025 ---

--- Scan for google.com started at Tue Jul 29 15:20:30 2025 ---
Time,CPU_Percent,RAM_Percent
--- Scan for google.com finished at Tue Jul 29 15:20:30 2025 ---

--- Scan for example.com started at Tue Jul 29 15:20:30 2025 ---
Time,CPU_Percent,RAM_Percent
--- Scan for example.com finished at Tue Jul 29 15:20:31 2025 ---

--- Scan for example.com started at Tue Jul 29 15:25:29 2025 ---
Time,CPU_Percent,RAM_Percent
--- Scan for example.com finished at Tue Jul 29 15:25:30 2025 ---

--- Scan for google.com started at Tue Jul 29 15:25:38 2025 ---
Time,CPU_Percent,RAM_Percent
--- Scan for google.com finished at Tue Jul 29 15:25:38 2025 ---

--- Scan for google.com started at Tue Jul 29 15:28:12 2025 ---
Time,CPU_Percent,RAM_Percent
Tue Jul 29 15:28:12 2025,0.5,23.6
--- Scan for google.com finished at Tue Jul 29 15:28:12 2025 ---

--- Scan for example.com started at Tue Jul 29 15:28:19 2025 ---
Time,CPU_Percent,RAM_Percent
Tue Jul 29 15:28:20 2025,0.7,23.6
Tue Jul 29 15:28:20 2025,0.0,23.6
Tue Jul 29 15:28:20 2025,0.0,23.6
Tue Jul 29 15:28:20 2025,33.3,23.6
Tue Jul 29 15:28:20 2025,1.3,23.6
Tue Jul 29 15:28:20 2025,0.0,23.6
--- Scan for example.com finished at Tue Jul 29 15:28:20 2025 ---

--- Scan for example.com started at Tue Jul 29 15:38:29 2025 ---
Time,CPU_Percent,RAM_Percent
Tue Jul 29 15:38:29 2025,0.5,18.9
Tue Jul 29 15:38:29 2025,28.6,18.9
Tue Jul 29 15:38:29 2025,0.0,18.9
Tue Jul 29 15:38:29 2025,0.0,18.9
Tue Jul 29 15:38:29 2025,1.0,18.9
Tue Jul 29 15:38:29 2025,0.0,18.9
--- Scan for example.com finished at Tue Jul 29 15:38:29 2025 ---

--- Scan for example.com started at Fri Aug  1 11:37:25 2025 ---
Time,CPU_Percent,RAM_Percent
Fri Aug  1 11:37:25 2025,0.5,12.2
Fri Aug  1 11:37:25 2025,33.3,12.2
Fri Aug  1 11:37:25 2025,16.7,12.2
Fri Aug  1 11:37:25 2025,0.0,12.2
Fri Aug  1 11:37:25 2025,0.0,12.2
Fri Aug  1 11:37:25 2025,25.0,12.2
--- Scan for example.com finished at Fri Aug  1 11:37:25 2025 ---

--- Scan for google.com started at Fri Aug  1 11:37:57 2025 ---
Time,CPU_Percent,RAM_Percent
Fri Aug  1 11:37:58 2025,0.5,12.6
--- Scan for google.com finished at Fri Aug  1 11:37:58 2025 ---

--- Scan for google.com started at Fri Aug  1 11:42:09 2025 ---
Time,CPU_Percent,RAM_Percent
Fri Aug  1 11:42:10 2025,0.5,12.4
--- Scan for google.com finished at Fri Aug  1 11:42:10 2025 ---
